2021-03-23 11:28:58,757 [Worker-5: Loading available Gradle versions] INFO  o.e.b.c.i.u.g.PublishedGradleVersions - Gradle version information cache is out-of-date. Trying to update.
<<<<<<< HEAD
2021-03-23 14:55:06,344 [Worker-6: Loading available Gradle versions] INFO  o.e.b.c.i.u.g.PublishedGradleVersions - Gradle version information cache is up-to-date. Trying to read.
2021-03-24 09:22:25,750 [Worker-7: Loading available Gradle versions] INFO  o.e.b.c.i.u.g.PublishedGradleVersions - Gradle version information cache is up-to-date. Trying to read.
2021-03-24 15:52:53,014 [Worker-170: Debug Source Lookup] INFO  o.e.m.c.i.e.AbstractTransferListenerAdapter - Downloading https://repo.maven.apache.org/maven2/org/apache/tomcat/tomcat-catalina/9.0.29/tomcat-catalina-9.0.29-sources.jar
2021-03-24 15:52:53,986 [Worker-170: Debug Source Lookup] INFO  o.e.m.c.i.e.AbstractTransferListenerAdapter - Downloaded https://repo.maven.apache.org/maven2/org/apache/tomcat/tomcat-catalina/9.0.29/tomcat-catalina-9.0.29-sources.jar
=======
2021-03-23 23:09:52,418 [Worker-2: Loading available Gradle versions] INFO  o.e.b.c.i.u.g.PublishedGradleVersions - Gradle version information cache is up-to-date. Trying to read.
>>>>>>> 1d9474afa25510befe4778a2b793b8521bbc5961
2021-03-25 09:00:34,994 [Worker-2: Loading available Gradle versions] INFO  o.e.b.c.i.u.g.PublishedGradleVersions - Gradle version information cache is out-of-date. Trying to update.
2021-03-26 09:16:29,437 [Worker-6: Loading available Gradle versions] INFO  o.e.b.c.i.u.g.PublishedGradleVersions - Gradle version information cache is out-of-date. Trying to update.
2021-03-29 09:17:20,678 [Worker-5: Loading available Gradle versions] INFO  o.e.b.c.i.u.g.PublishedGradleVersions - Gradle version information cache is out-of-date. Trying to update.
2021-03-30 10:39:29,632 [Worker-6: Loading available Gradle versions] INFO  o.e.b.c.i.u.g.PublishedGradleVersions - Gradle version information cache is out-of-date. Trying to update.
2021-03-31 09:21:59,839 [Worker-1: Loading available Gradle versions] INFO  o.e.b.c.i.u.g.PublishedGradleVersions - Gradle version information cache is up-to-date. Trying to read.
2021-04-01 09:12:15,543 [Worker-4: Loading available Gradle versions] INFO  o.e.b.c.i.u.g.PublishedGradleVersions - Gradle version information cache is out-of-date. Trying to update.
2021-04-08 10:31:18,746 [Worker-0: Loading available Gradle versions] INFO  o.e.b.c.i.u.g.PublishedGradleVersions - Gradle version information cache is up-to-date. Trying to read.
2021-04-08 15:15:45,234 [Worker-1: Loading available Gradle versions] INFO  o.e.b.c.i.u.g.PublishedGradleVersions - Gradle version information cache is up-to-date. Trying to read.
2021-04-09 10:14:20,740 [Worker-4: Loading available Gradle versions] INFO  o.e.b.c.i.u.g.PublishedGradleVersions - Gradle version information cache is up-to-date. Trying to read.
2021-04-09 11:23:46,671 [Worker-0: Loading available Gradle versions] INFO  o.e.b.c.i.u.g.PublishedGradleVersions - Gradle version information cache is up-to-date. Trying to read.
2021-04-12 12:31:19,855 [Worker-4: Loading available Gradle versions] INFO  o.e.b.c.i.u.g.PublishedGradleVersions - Gradle version information cache is up-to-date. Trying to read.
2021-05-24 16:09:22,805 [Worker-0: Loading available Gradle versions] INFO  o.e.b.c.i.u.g.PublishedGradleVersions - Gradle version information cache is out-of-date. Trying to update.
2021-05-25 09:38:38,053 [Worker-6: Loading available Gradle versions] INFO  o.e.b.c.i.u.g.PublishedGradleVersions - Gradle version information cache is up-to-date. Trying to read.
2021-05-25 09:38:55,340 [Worker-6: Computing Git status for repository 211] ERROR o.e.jgit.ignore.FastIgnoreRule - Not closed bracket?
org.eclipse.jgit.errors.InvalidPatternException: Not closed bracket?
	at org.eclipse.jgit.ignore.internal.Strings.convertGlob(Strings.java:444) ~[org.eclipse.jgit_5.4.0.201906121030-r.jar:5.4.0.201906121030-r]
	at org.eclipse.jgit.ignore.internal.WildCardMatcher.<init>(WildCardMatcher.java:64) ~[org.eclipse.jgit_5.4.0.201906121030-r.jar:5.4.0.201906121030-r]
	at org.eclipse.jgit.ignore.internal.PathMatcher.createNameMatcher0(PathMatcher.java:178) ~[org.eclipse.jgit_5.4.0.201906121030-r.jar:5.4.0.201906121030-r]
	at org.eclipse.jgit.ignore.internal.PathMatcher.createPathMatcher(PathMatcher.java:136) ~[org.eclipse.jgit_5.4.0.201906121030-r.jar:5.4.0.201906121030-r]
	at org.eclipse.jgit.ignore.FastIgnoreRule.<init>(FastIgnoreRule.java:129) ~[org.eclipse.jgit_5.4.0.201906121030-r.jar:5.4.0.201906121030-r]
	at org.eclipse.jgit.ignore.IgnoreNode.parse(IgnoreNode.java:115) [org.eclipse.jgit_5.4.0.201906121030-r.jar:5.4.0.201906121030-r]
	at org.eclipse.jgit.treewalk.WorkingTreeIterator$PerDirectoryIgnoreNode.load(WorkingTreeIterator.java:1318) [org.eclipse.jgit_5.4.0.201906121030-r.jar:5.4.0.201906121030-r]
	at org.eclipse.jgit.treewalk.WorkingTreeIterator.getIgnoreNode(WorkingTreeIterator.java:758) [org.eclipse.jgit_5.4.0.201906121030-r.jar:5.4.0.201906121030-r]
	at org.eclipse.jgit.treewalk.WorkingTreeIterator.isDirectoryIgnored(WorkingTreeIterator.java:1583) [org.eclipse.jgit_5.4.0.201906121030-r.jar:5.4.0.201906121030-r]
	at org.eclipse.jgit.treewalk.WorkingTreeIterator.isDirectoryIgnored(WorkingTreeIterator.java:1561) [org.eclipse.jgit_5.4.0.201906121030-r.jar:5.4.0.201906121030-r]
	at org.eclipse.jgit.treewalk.WorkingTreeIterator.isEntryIgnored(WorkingTreeIterator.java:740) [org.eclipse.jgit_5.4.0.201906121030-r.jar:5.4.0.201906121030-r]
	at org.eclipse.jgit.treewalk.WorkingTreeIterator.isEntryIgnored(WorkingTreeIterator.java:700) [org.eclipse.jgit_5.4.0.201906121030-r.jar:5.4.0.201906121030-r]
	at org.eclipse.jgit.treewalk.WorkingTreeIterator.isEntryIgnored(WorkingTreeIterator.java:687) [org.eclipse.jgit_5.4.0.201906121030-r.jar:5.4.0.201906121030-r]
	at org.eclipse.jgit.treewalk.filter.IndexDiffFilter.include(IndexDiffFilter.java:170) [org.eclipse.jgit_5.4.0.201906121030-r.jar:5.4.0.201906121030-r]
	at org.eclipse.jgit.treewalk.filter.TreeFilter.matchFilter(TreeFilter.java:228) [org.eclipse.jgit_5.4.0.201906121030-r.jar:5.4.0.201906121030-r]
	at org.eclipse.jgit.treewalk.filter.AndTreeFilter$List.matchFilter(AndTreeFilter.java:190) [org.eclipse.jgit_5.4.0.201906121030-r.jar:5.4.0.201906121030-r]
	at org.eclipse.jgit.treewalk.TreeWalk.next(TreeWalk.java:853) [org.eclipse.jgit_5.4.0.201906121030-r.jar:5.4.0.201906121030-r]
	at org.eclipse.jgit.lib.IndexDiff.diff(IndexDiff.java:446) [org.eclipse.jgit_5.4.0.201906121030-r.jar:5.4.0.201906121030-r]
	at org.eclipse.egit.core.internal.indexdiff.IndexDiffCacheEntry.calcIndexDiffDataFull(IndexDiffCacheEntry.java:675) [org.eclipse.egit.core_5.4.0.201906121030-r.jar:na]
	at org.eclipse.egit.core.internal.indexdiff.IndexDiffCacheEntry.access$8(IndexDiffCacheEntry.java:663) [org.eclipse.egit.core_5.4.0.201906121030-r.jar:na]
	at org.eclipse.egit.core.internal.indexdiff.IndexDiffCacheEntry$4.run(IndexDiffCacheEntry.java:415) [org.eclipse.egit.core_5.4.0.201906121030-r.jar:na]
	at org.eclipse.core.internal.jobs.Worker.run(Worker.java:63) [org.eclipse.core.jobs_3.10.400.v20190506-1457.jar:na]
2021-05-25 09:39:06,129 [Worker-13: Computing Git status for repository 211] ERROR o.e.jgit.ignore.FastIgnoreRule - Not closed bracket?
org.eclipse.jgit.errors.InvalidPatternException: Not closed bracket?
	at org.eclipse.jgit.ignore.internal.Strings.convertGlob(Strings.java:444) ~[org.eclipse.jgit_5.4.0.201906121030-r.jar:5.4.0.201906121030-r]
	at org.eclipse.jgit.ignore.internal.WildCardMatcher.<init>(WildCardMatcher.java:64) ~[org.eclipse.jgit_5.4.0.201906121030-r.jar:5.4.0.201906121030-r]
	at org.eclipse.jgit.ignore.internal.PathMatcher.createNameMatcher0(PathMatcher.java:178) ~[org.eclipse.jgit_5.4.0.201906121030-r.jar:5.4.0.201906121030-r]
	at org.eclipse.jgit.ignore.internal.PathMatcher.createPathMatcher(PathMatcher.java:136) ~[org.eclipse.jgit_5.4.0.201906121030-r.jar:5.4.0.201906121030-r]
	at org.eclipse.jgit.ignore.FastIgnoreRule.<init>(FastIgnoreRule.java:129) ~[org.eclipse.jgit_5.4.0.201906121030-r.jar:5.4.0.201906121030-r]
	at org.eclipse.jgit.ignore.IgnoreNode.parse(IgnoreNode.java:115) [org.eclipse.jgit_5.4.0.201906121030-r.jar:5.4.0.201906121030-r]
	at org.eclipse.jgit.treewalk.WorkingTreeIterator$PerDirectoryIgnoreNode.load(WorkingTreeIterator.java:1318) [org.eclipse.jgit_5.4.0.201906121030-r.jar:5.4.0.201906121030-r]
	at org.eclipse.jgit.treewalk.WorkingTreeIterator.getIgnoreNode(WorkingTreeIterator.java:758) [org.eclipse.jgit_5.4.0.201906121030-r.jar:5.4.0.201906121030-r]
	at org.eclipse.jgit.treewalk.WorkingTreeIterator.isDirectoryIgnored(WorkingTreeIterator.java:1583) [org.eclipse.jgit_5.4.0.201906121030-r.jar:5.4.0.201906121030-r]
	at org.eclipse.jgit.treewalk.WorkingTreeIterator.isDirectoryIgnored(WorkingTreeIterator.java:1561) [org.eclipse.jgit_5.4.0.201906121030-r.jar:5.4.0.201906121030-r]
	at org.eclipse.jgit.treewalk.WorkingTreeIterator.isEntryIgnored(WorkingTreeIterator.java:740) [org.eclipse.jgit_5.4.0.201906121030-r.jar:5.4.0.201906121030-r]
	at org.eclipse.jgit.treewalk.WorkingTreeIterator.isEntryIgnored(WorkingTreeIterator.java:700) [org.eclipse.jgit_5.4.0.201906121030-r.jar:5.4.0.201906121030-r]
	at org.eclipse.jgit.treewalk.WorkingTreeIterator.isEntryIgnored(WorkingTreeIterator.java:687) [org.eclipse.jgit_5.4.0.201906121030-r.jar:5.4.0.201906121030-r]
	at org.eclipse.jgit.treewalk.filter.IndexDiffFilter.include(IndexDiffFilter.java:170) [org.eclipse.jgit_5.4.0.201906121030-r.jar:5.4.0.201906121030-r]
	at org.eclipse.jgit.treewalk.filter.TreeFilter.matchFilter(TreeFilter.java:228) [org.eclipse.jgit_5.4.0.201906121030-r.jar:5.4.0.201906121030-r]
	at org.eclipse.jgit.treewalk.filter.AndTreeFilter$List.matchFilter(AndTreeFilter.java:190) [org.eclipse.jgit_5.4.0.201906121030-r.jar:5.4.0.201906121030-r]
	at org.eclipse.jgit.treewalk.TreeWalk.next(TreeWalk.java:853) [org.eclipse.jgit_5.4.0.201906121030-r.jar:5.4.0.201906121030-r]
	at org.eclipse.jgit.lib.IndexDiff.diff(IndexDiff.java:446) [org.eclipse.jgit_5.4.0.201906121030-r.jar:5.4.0.201906121030-r]
	at org.eclipse.egit.core.internal.indexdiff.IndexDiffCacheEntry.calcIndexDiffDataFull(IndexDiffCacheEntry.java:675) [org.eclipse.egit.core_5.4.0.201906121030-r.jar:na]
	at org.eclipse.egit.core.internal.indexdiff.IndexDiffCacheEntry.access$8(IndexDiffCacheEntry.java:663) [org.eclipse.egit.core_5.4.0.201906121030-r.jar:na]
	at org.eclipse.egit.core.internal.indexdiff.IndexDiffCacheEntry$4.run(IndexDiffCacheEntry.java:415) [org.eclipse.egit.core_5.4.0.201906121030-r.jar:na]
	at org.eclipse.core.internal.jobs.Worker.run(Worker.java:63) [org.eclipse.core.jobs_3.10.400.v20190506-1457.jar:na]
2021-05-25 09:45:15,473 [Worker-18: Computing Git status for repository 211] ERROR o.e.jgit.ignore.FastIgnoreRule - Not closed bracket?
org.eclipse.jgit.errors.InvalidPatternException: Not closed bracket?
	at org.eclipse.jgit.ignore.internal.Strings.convertGlob(Strings.java:444) ~[org.eclipse.jgit_5.4.0.201906121030-r.jar:5.4.0.201906121030-r]
	at org.eclipse.jgit.ignore.internal.WildCardMatcher.<init>(WildCardMatcher.java:64) ~[org.eclipse.jgit_5.4.0.201906121030-r.jar:5.4.0.201906121030-r]
	at org.eclipse.jgit.ignore.internal.PathMatcher.createNameMatcher0(PathMatcher.java:178) ~[org.eclipse.jgit_5.4.0.201906121030-r.jar:5.4.0.201906121030-r]
	at org.eclipse.jgit.ignore.internal.PathMatcher.createPathMatcher(PathMatcher.java:136) ~[org.eclipse.jgit_5.4.0.201906121030-r.jar:5.4.0.201906121030-r]
	at org.eclipse.jgit.ignore.FastIgnoreRule.<init>(FastIgnoreRule.java:129) ~[org.eclipse.jgit_5.4.0.201906121030-r.jar:5.4.0.201906121030-r]
	at org.eclipse.jgit.ignore.IgnoreNode.parse(IgnoreNode.java:115) [org.eclipse.jgit_5.4.0.201906121030-r.jar:5.4.0.201906121030-r]
	at org.eclipse.jgit.treewalk.WorkingTreeIterator$PerDirectoryIgnoreNode.load(WorkingTreeIterator.java:1318) [org.eclipse.jgit_5.4.0.201906121030-r.jar:5.4.0.201906121030-r]
	at org.eclipse.jgit.treewalk.WorkingTreeIterator.getIgnoreNode(WorkingTreeIterator.java:758) [org.eclipse.jgit_5.4.0.201906121030-r.jar:5.4.0.201906121030-r]
	at org.eclipse.jgit.treewalk.WorkingTreeIterator.isDirectoryIgnored(WorkingTreeIterator.java:1583) [org.eclipse.jgit_5.4.0.201906121030-r.jar:5.4.0.201906121030-r]
	at org.eclipse.jgit.treewalk.WorkingTreeIterator.isDirectoryIgnored(WorkingTreeIterator.java:1561) [org.eclipse.jgit_5.4.0.201906121030-r.jar:5.4.0.201906121030-r]
	at org.eclipse.jgit.treewalk.WorkingTreeIterator.isEntryIgnored(WorkingTreeIterator.java:740) [org.eclipse.jgit_5.4.0.201906121030-r.jar:5.4.0.201906121030-r]
	at org.eclipse.jgit.treewalk.WorkingTreeIterator.isEntryIgnored(WorkingTreeIterator.java:700) [org.eclipse.jgit_5.4.0.201906121030-r.jar:5.4.0.201906121030-r]
	at org.eclipse.jgit.treewalk.WorkingTreeIterator.isEntryIgnored(WorkingTreeIterator.java:687) [org.eclipse.jgit_5.4.0.201906121030-r.jar:5.4.0.201906121030-r]
	at org.eclipse.jgit.treewalk.filter.IndexDiffFilter.include(IndexDiffFilter.java:170) [org.eclipse.jgit_5.4.0.201906121030-r.jar:5.4.0.201906121030-r]
	at org.eclipse.jgit.treewalk.filter.TreeFilter.matchFilter(TreeFilter.java:228) [org.eclipse.jgit_5.4.0.201906121030-r.jar:5.4.0.201906121030-r]
	at org.eclipse.jgit.treewalk.filter.AndTreeFilter$List.matchFilter(AndTreeFilter.java:190) [org.eclipse.jgit_5.4.0.201906121030-r.jar:5.4.0.201906121030-r]
	at org.eclipse.jgit.treewalk.TreeWalk.next(TreeWalk.java:853) [org.eclipse.jgit_5.4.0.201906121030-r.jar:5.4.0.201906121030-r]
	at org.eclipse.jgit.lib.IndexDiff.diff(IndexDiff.java:446) [org.eclipse.jgit_5.4.0.201906121030-r.jar:5.4.0.201906121030-r]
	at org.eclipse.egit.core.internal.indexdiff.IndexDiffCacheEntry.calcIndexDiffDataFull(IndexDiffCacheEntry.java:675) [org.eclipse.egit.core_5.4.0.201906121030-r.jar:na]
	at org.eclipse.egit.core.internal.indexdiff.IndexDiffCacheEntry.access$8(IndexDiffCacheEntry.java:663) [org.eclipse.egit.core_5.4.0.201906121030-r.jar:na]
	at org.eclipse.egit.core.internal.indexdiff.IndexDiffCacheEntry$4.run(IndexDiffCacheEntry.java:415) [org.eclipse.egit.core_5.4.0.201906121030-r.jar:na]
	at org.eclipse.core.internal.jobs.Worker.run(Worker.java:63) [org.eclipse.core.jobs_3.10.400.v20190506-1457.jar:na]
